[2026-01-08 10:36:36] Run: cifar10_vit224_calattn | seed=0
[2026-01-08 10:36:36] Device: cuda | AMP: False
[2026-01-08 10:36:56] Data: train=47500 | val=2500 | test=10000
[2026-01-08 10:36:56] Loader: batch_size=128 | workers=8 | steps/epoch=372
[2026-01-08 11:08:55] Run: cifar10_vit224_calattn | seed=0
[2026-01-08 11:08:55] Device: cuda | AMP: False
[2026-01-08 11:08:57] Data: train=47500 | val=2500 | test=10000
[2026-01-08 11:08:57] Loader: batch_size=128 | workers=8 | steps/epoch=372
[2026-01-08 11:10:37] Run: cifar10_vit224_calattn | seed=0
[2026-01-08 11:10:37] Device: cuda | AMP: False
[2026-01-08 11:10:38] Data: train=47500 | val=2500 | test=10000
[2026-01-08 11:10:38] Loader: batch_size=64 | workers=8 | steps/epoch=743
[2026-01-08 11:15:50] [Epoch 001/2] train_loss=1.8842 | val_top1=43.24 val_nll=1.5219 val_ece=6.43 | epoch_time=0:05:03 eta_total=0:05:03
[2026-01-08 11:15:51] Saved best checkpoint: outputs/cifar10_vit224_calattn/seed0/best.pt (val ECE=6.43)
[2026-01-08 11:21:05] [Epoch 002/2] train_loss=1.4878 | val_top1=34.24 val_nll=1.8886 val_ece=19.19 | epoch_time=0:05:07 eta_total=0:00:00
[2026-01-08 11:21:28] [Best] Test: top1=43.73  nll=1.5262  ece=4.25
[2026-01-08 11:21:28] Total time: 0:10:48
[2026-01-08 11:21:28] Done.
[2026-01-09 11:16:09] Run: cifar10_vit224_calattn | seed=0
[2026-01-09 11:16:09] Device: cuda | AMP: False
[2026-01-09 11:16:11] Data: train=47500 | val=2500 | test=10000
[2026-01-09 11:16:11] Loader: batch_size=64 | workers=8 | steps/epoch=743
[2026-01-09 11:21:23] [Epoch 001/350] train_loss=1.8842 | val_top1=43.24 val_nll=1.5219 val_ece=6.43 | epoch_time=0:05:03 eta_total=1 day, 5:28:12
[2026-01-09 11:21:24] Saved best checkpoint: outputs/cifar10_vit224_calattn/seed0/best.pt (val ECE=6.43)
[2026-01-09 11:26:37] [Epoch 002/350] train_loss=1.4878 | val_top1=34.24 val_nll=1.8886 val_ece=19.19 | epoch_time=0:05:07 eta_total=1 day, 5:28:52
[2026-01-09 11:31:51] [Epoch 003/350] train_loss=1.3366 | val_top1=51.96 val_nll=1.4097 val_ece=6.03 | epoch_time=0:05:07 eta_total=1 day, 5:28:59
[2026-01-09 11:31:52] Saved best checkpoint: outputs/cifar10_vit224_calattn/seed0/best.pt (val ECE=6.03)
[2026-01-09 11:37:05] [Epoch 004/350] train_loss=1.2605 | val_top1=51.52 val_nll=1.3445 val_ece=4.04 | epoch_time=0:05:07 eta_total=1 day, 5:26:10
[2026-01-09 11:37:06] Saved best checkpoint: outputs/cifar10_vit224_calattn/seed0/best.pt (val ECE=4.04)
[2026-01-09 11:42:20] [Epoch 005/350] train_loss=1.2114 | val_top1=46.48 val_nll=1.5647 val_ece=6.84 | epoch_time=0:05:07 eta_total=1 day, 5:23:28
[2026-01-09 11:47:35] [Epoch 006/350] train_loss=1.1887 | val_top1=54.76 val_nll=1.2565 val_ece=2.64 | epoch_time=0:05:08 eta_total=1 day, 5:21:26
[2026-01-09 11:47:36] Saved best checkpoint: outputs/cifar10_vit224_calattn/seed0/best.pt (val ECE=2.64)
[2026-01-09 11:52:50] [Epoch 007/350] train_loss=1.1731 | val_top1=47.56 val_nll=1.5701 val_ece=13.44 | epoch_time=0:05:07 eta_total=1 day, 5:17:25
[2026-01-09 11:58:04] [Epoch 008/350] train_loss=1.1657 | val_top1=53.68 val_nll=1.3253 val_ece=5.74 | epoch_time=0:05:08 eta_total=1 day, 5:14:10
[2026-01-09 12:03:18] [Epoch 009/350] train_loss=1.1561 | val_top1=46.68 val_nll=1.4550 val_ece=8.32 | epoch_time=0:05:07 eta_total=1 day, 5:09:01
[2026-01-09 12:08:32] [Epoch 010/350] train_loss=1.1463 | val_top1=40.92 val_nll=1.6739 val_ece=19.64 | epoch_time=0:05:08 eta_total=1 day, 5:04:42
[2026-01-09 12:13:47] [Epoch 011/350] train_loss=1.1380 | val_top1=45.68 val_nll=1.6016 val_ece=9.93 | epoch_time=0:05:08 eta_total=1 day, 4:59:52
[2026-01-09 12:19:01] [Epoch 012/350] train_loss=1.1309 | val_top1=63.36 val_nll=1.0421 val_ece=2.86 | epoch_time=0:05:08 eta_total=1 day, 4:54:52
[2026-01-09 12:24:15] [Epoch 013/350] train_loss=1.1168 | val_top1=55.24 val_nll=1.2370 val_ece=8.08 | epoch_time=0:05:08 eta_total=1 day, 4:49:52
[2026-01-09 12:29:30] [Epoch 014/350] train_loss=1.1114 | val_top1=55.28 val_nll=1.2787 val_ece=12.02 | epoch_time=0:05:08 eta_total=1 day, 4:45:26
[2026-01-09 12:34:44] [Epoch 015/350] train_loss=1.1014 | val_top1=58.20 val_nll=1.1546 val_ece=4.81 | epoch_time=0:05:07 eta_total=1 day, 4:39:26
[2026-01-09 12:39:58] [Epoch 016/350] train_loss=1.0950 | val_top1=60.36 val_nll=1.1533 val_ece=4.07 | epoch_time=0:05:07 eta_total=1 day, 4:34:06
[2026-01-09 12:45:12] [Epoch 017/350] train_loss=1.0932 | val_top1=46.72 val_nll=1.4852 val_ece=10.52 | epoch_time=0:05:07 eta_total=1 day, 4:28:54
[2026-01-09 12:50:26] [Epoch 018/350] train_loss=1.0820 | val_top1=48.76 val_nll=1.5073 val_ece=17.78 | epoch_time=0:05:07 eta_total=1 day, 4:23:10
[2026-01-09 12:55:39] [Epoch 019/350] train_loss=1.0785 | val_top1=57.84 val_nll=1.2158 val_ece=5.32 | epoch_time=0:05:07 eta_total=1 day, 4:17:46
[2026-01-09 13:00:53] [Epoch 020/350] train_loss=1.0707 | val_top1=57.52 val_nll=1.2110 val_ece=3.81 | epoch_time=0:05:07 eta_total=1 day, 4:12:27
[2026-01-09 13:06:06] [Epoch 021/350] train_loss=1.0683 | val_top1=52.28 val_nll=1.3688 val_ece=8.10 | epoch_time=0:05:07 eta_total=1 day, 4:06:25
[2026-01-09 13:11:20] [Epoch 022/350] train_loss=1.0723 | val_top1=56.40 val_nll=1.2478 val_ece=8.08 | epoch_time=0:05:06 eta_total=1 day, 4:00:18
[2026-01-09 13:16:33] [Epoch 023/350] train_loss=1.0638 | val_top1=59.80 val_nll=1.1510 val_ece=4.17 | epoch_time=0:05:07 eta_total=1 day, 3:55:33
[2026-01-09 13:21:46] [Epoch 024/350] train_loss=1.0540 | val_top1=46.36 val_nll=1.7408 val_ece=22.98 | epoch_time=0:05:06 eta_total=1 day, 3:49:29
[2026-01-09 13:26:59] [Epoch 025/350] train_loss=1.0566 | val_top1=61.16 val_nll=1.0984 val_ece=2.25 | epoch_time=0:05:06 eta_total=1 day, 3:42:58
[2026-01-09 13:27:00] Saved best checkpoint: outputs/cifar10_vit224_calattn/seed0/best.pt (val ECE=2.25)
[2026-01-09 13:32:13] [Epoch 026/350] train_loss=1.0529 | val_top1=60.68 val_nll=1.1206 val_ece=6.25 | epoch_time=0:05:07 eta_total=1 day, 3:37:51
[2026-01-09 13:37:28] [Epoch 027/350] train_loss=1.0467 | val_top1=58.04 val_nll=1.2310 val_ece=8.40 | epoch_time=0:05:08 eta_total=1 day, 3:34:20
[2026-01-09 13:42:41] [Epoch 028/350] train_loss=1.0487 | val_top1=57.92 val_nll=1.1839 val_ece=7.52 | epoch_time=0:05:07 eta_total=1 day, 3:29:20
[2026-01-09 13:47:55] [Epoch 029/350] train_loss=1.0458 | val_top1=55.80 val_nll=1.2864 val_ece=9.42 | epoch_time=0:05:07 eta_total=1 day, 3:23:50
[2026-01-09 13:53:08] [Epoch 030/350] train_loss=1.0394 | val_top1=60.32 val_nll=1.1275 val_ece=6.02 | epoch_time=0:05:06 eta_total=1 day, 3:18:07
[2026-01-09 13:58:20] [Epoch 031/350] train_loss=1.0402 | val_top1=59.28 val_nll=1.1113 val_ece=3.57 | epoch_time=0:05:06 eta_total=1 day, 3:11:42
[2026-01-09 14:03:33] [Epoch 032/350] train_loss=1.0376 | val_top1=49.84 val_nll=1.4936 val_ece=15.07 | epoch_time=0:05:06 eta_total=1 day, 3:05:51
[2026-01-09 14:08:45] [Epoch 033/350] train_loss=1.0427 | val_top1=61.88 val_nll=1.0822 val_ece=3.37 | epoch_time=0:05:06 eta_total=1 day, 2:59:50
[2026-01-09 14:13:58] [Epoch 034/350] train_loss=1.0324 | val_top1=58.04 val_nll=1.2192 val_ece=4.08 | epoch_time=0:05:06 eta_total=1 day, 2:54:25
[2026-01-09 14:19:10] [Epoch 035/350] train_loss=1.0314 | val_top1=63.84 val_nll=1.0817 val_ece=2.43 | epoch_time=0:05:06 eta_total=1 day, 2:49:14
[2026-01-09 14:24:23] [Epoch 036/350] train_loss=1.0333 | val_top1=61.88 val_nll=1.0587 val_ece=4.34 | epoch_time=0:05:06 eta_total=1 day, 2:43:29
[2026-01-09 14:29:34] [Epoch 037/350] train_loss=1.0288 | val_top1=62.32 val_nll=1.0502 val_ece=2.85 | epoch_time=0:05:05 eta_total=1 day, 2:37:08
[2026-01-09 14:34:46] [Epoch 038/350] train_loss=1.0285 | val_top1=58.68 val_nll=1.2370 val_ece=11.05 | epoch_time=0:05:05 eta_total=1 day, 2:31:26
[2026-01-09 14:39:58] [Epoch 039/350] train_loss=1.0246 | val_top1=60.32 val_nll=1.1832 val_ece=6.48 | epoch_time=0:05:05 eta_total=1 day, 2:26:13
[2026-01-09 14:45:10] [Epoch 040/350] train_loss=1.0280 | val_top1=60.68 val_nll=1.0979 val_ece=3.75 | epoch_time=0:05:05 eta_total=1 day, 2:20:39
[2026-01-09 14:50:22] [Epoch 041/350] train_loss=1.0250 | val_top1=63.52 val_nll=1.0436 val_ece=3.73 | epoch_time=0:05:06 eta_total=1 day, 2:15:55
[2026-01-09 14:55:35] [Epoch 042/350] train_loss=1.0162 | val_top1=61.40 val_nll=1.1655 val_ece=6.74 | epoch_time=0:05:06 eta_total=1 day, 2:10:55
[2026-01-09 15:00:46] [Epoch 043/350] train_loss=1.0191 | val_top1=48.68 val_nll=1.5556 val_ece=18.65 | epoch_time=0:05:05 eta_total=1 day, 2:04:48
[2026-01-09 15:05:58] [Epoch 044/350] train_loss=1.0148 | val_top1=50.96 val_nll=1.6148 val_ece=16.47 | epoch_time=0:05:06 eta_total=1 day, 1:59:59
[2026-01-09 15:11:10] [Epoch 045/350] train_loss=1.0222 | val_top1=54.48 val_nll=1.2828 val_ece=8.18 | epoch_time=0:05:05 eta_total=1 day, 1:53:49
[2026-01-09 15:16:21] [Epoch 046/350] train_loss=1.0201 | val_top1=66.08 val_nll=0.9821 val_ece=5.13 | epoch_time=0:05:05 eta_total=1 day, 1:48:14
[2026-01-09 15:21:32] [Epoch 047/350] train_loss=1.0171 | val_top1=55.36 val_nll=1.2413 val_ece=7.97 | epoch_time=0:05:04 eta_total=1 day, 1:41:51
[2026-01-09 15:26:44] [Epoch 048/350] train_loss=1.0168 | val_top1=51.36 val_nll=1.3775 val_ece=15.02 | epoch_time=0:05:05 eta_total=1 day, 1:37:10
[2026-01-09 15:31:55] [Epoch 049/350] train_loss=1.0146 | val_top1=51.12 val_nll=1.3781 val_ece=13.55 | epoch_time=0:05:04 eta_total=1 day, 1:31:20
[2026-01-09 15:37:07] [Epoch 050/350] train_loss=1.0195 | val_top1=57.12 val_nll=1.2755 val_ece=11.82 | epoch_time=0:05:05 eta_total=1 day, 1:26:57
[2026-01-09 15:42:19] [Epoch 051/350] train_loss=1.0160 | val_top1=54.56 val_nll=1.3100 val_ece=12.73 | epoch_time=0:05:05 eta_total=1 day, 1:22:01
[2026-01-09 15:47:30] [Epoch 052/350] train_loss=1.0182 | val_top1=55.24 val_nll=1.3493 val_ece=14.39 | epoch_time=0:05:05 eta_total=1 day, 1:17:00
[2026-01-09 15:52:41] [Epoch 053/350] train_loss=1.0106 | val_top1=64.48 val_nll=1.0000 val_ece=4.11 | epoch_time=0:05:04 eta_total=1 day, 1:10:54
[2026-01-09 15:57:52] [Epoch 054/350] train_loss=1.0138 | val_top1=63.92 val_nll=1.0226 val_ece=2.73 | epoch_time=0:05:05 eta_total=1 day, 1:05:34
[2026-01-09 16:03:04] [Epoch 055/350] train_loss=1.0142 | val_top1=61.48 val_nll=1.0881 val_ece=2.67 | epoch_time=0:05:05 eta_total=1 day, 1:00:15
[2026-01-09 16:08:15] [Epoch 056/350] train_loss=1.0119 | val_top1=51.96 val_nll=1.3789 val_ece=8.98 | epoch_time=0:05:05 eta_total=1 day, 0:55:18
[2026-01-09 16:13:26] [Epoch 057/350] train_loss=1.0152 | val_top1=54.96 val_nll=1.3932 val_ece=12.21 | epoch_time=0:05:04 eta_total=1 day, 0:49:34
[2026-01-09 16:18:37] [Epoch 058/350] train_loss=1.0044 | val_top1=57.48 val_nll=1.1905 val_ece=10.06 | epoch_time=0:05:04 eta_total=1 day, 0:44:00
[2026-01-09 16:23:48] [Epoch 059/350] train_loss=1.0125 | val_top1=53.12 val_nll=1.3694 val_ece=13.70 | epoch_time=0:05:05 eta_total=1 day, 0:39:28
[2026-01-09 16:29:00] [Epoch 060/350] train_loss=1.0133 | val_top1=60.52 val_nll=1.0932 val_ece=4.09 | epoch_time=0:05:05 eta_total=1 day, 0:35:02
[2026-01-09 16:34:11] [Epoch 061/350] train_loss=1.0132 | val_top1=55.44 val_nll=1.2415 val_ece=5.98 | epoch_time=0:05:05 eta_total=1 day, 0:29:52
[2026-01-09 16:39:21] [Epoch 062/350] train_loss=1.0093 | val_top1=54.40 val_nll=1.2654 val_ece=9.21 | epoch_time=0:05:04 eta_total=1 day, 0:24:09
[2026-01-09 16:44:32] [Epoch 063/350] train_loss=1.0054 | val_top1=58.96 val_nll=1.2195 val_ece=6.18 | epoch_time=0:05:04 eta_total=1 day, 0:17:45
[2026-01-09 16:49:42] [Epoch 064/350] train_loss=1.0085 | val_top1=59.36 val_nll=1.1507 val_ece=6.42 | epoch_time=0:05:04 eta_total=1 day, 0:12:14
[2026-01-09 16:54:53] [Epoch 065/350] train_loss=1.0062 | val_top1=54.40 val_nll=1.3524 val_ece=15.48 | epoch_time=0:05:04 eta_total=1 day, 0:06:52
[2026-01-09 17:00:03] [Epoch 066/350] train_loss=1.0063 | val_top1=61.40 val_nll=1.1156 val_ece=6.67 | epoch_time=0:05:04 eta_total=1 day, 0:01:28
[2026-01-09 17:05:14] [Epoch 067/350] train_loss=1.0099 | val_top1=42.16 val_nll=1.9143 val_ece=28.02 | epoch_time=0:05:04 eta_total=23:56:22
[2026-01-09 17:10:24] [Epoch 068/350] train_loss=1.0057 | val_top1=59.96 val_nll=1.1570 val_ece=4.57 | epoch_time=0:05:04 eta_total=23:51:23
[2026-01-09 17:15:34] [Epoch 069/350] train_loss=1.0076 | val_top1=60.72 val_nll=1.0948 val_ece=7.78 | epoch_time=0:05:04 eta_total=23:45:34
[2026-01-09 17:20:45] [Epoch 070/350] train_loss=1.0095 | val_top1=63.12 val_nll=1.0596 val_ece=3.66 | epoch_time=0:05:04 eta_total=23:40:21
[2026-01-09 17:25:55] [Epoch 071/350] train_loss=1.0025 | val_top1=53.96 val_nll=1.4309 val_ece=10.89 | epoch_time=0:05:04 eta_total=23:35:20
[2026-01-09 17:31:06] [Epoch 072/350] train_loss=1.0061 | val_top1=52.88 val_nll=1.3137 val_ece=10.03 | epoch_time=0:05:04 eta_total=23:30:05
[2026-01-09 17:36:16] [Epoch 073/350] train_loss=1.0049 | val_top1=64.68 val_nll=1.0118 val_ece=2.53 | epoch_time=0:05:04 eta_total=23:25:35
[2026-01-09 17:41:27] [Epoch 074/350] train_loss=1.0083 | val_top1=60.84 val_nll=1.1429 val_ece=6.99 | epoch_time=0:05:04 eta_total=23:20:07
[2026-01-09 17:46:37] [Epoch 075/350] train_loss=1.0038 | val_top1=62.56 val_nll=1.0614 val_ece=2.71 | epoch_time=0:05:04 eta_total=23:15:05
[2026-01-09 17:51:47] [Epoch 076/350] train_loss=0.9984 | val_top1=57.64 val_nll=1.1695 val_ece=6.97 | epoch_time=0:05:04 eta_total=23:09:37
[2026-01-09 17:56:58] [Epoch 077/350] train_loss=1.0014 | val_top1=61.24 val_nll=1.0805 val_ece=3.77 | epoch_time=0:05:04 eta_total=23:04:59
[2026-01-09 18:02:09] [Epoch 078/350] train_loss=1.0105 | val_top1=59.08 val_nll=1.1782 val_ece=4.85 | epoch_time=0:05:04 eta_total=23:00:27
[2026-01-09 18:07:19] [Epoch 079/350] train_loss=1.0005 | val_top1=59.08 val_nll=1.1572 val_ece=2.98 | epoch_time=0:05:04 eta_total=22:55:13
[2026-01-09 18:12:30] [Epoch 080/350] train_loss=1.0029 | val_top1=56.60 val_nll=1.2590 val_ece=7.74 | epoch_time=0:05:04 eta_total=22:50:21
[2026-01-09 18:17:41] [Epoch 081/350] train_loss=1.0036 | val_top1=55.72 val_nll=1.3274 val_ece=14.89 | epoch_time=0:05:04 eta_total=22:45:42
[2026-01-09 18:22:52] [Epoch 082/350] train_loss=1.0040 | val_top1=53.16 val_nll=1.3607 val_ece=10.22 | epoch_time=0:05:04 eta_total=22:40:57
[2026-01-09 18:28:03] [Epoch 083/350] train_loss=0.9960 | val_top1=48.80 val_nll=1.4541 val_ece=18.04 | epoch_time=0:05:04 eta_total=22:35:50
[2026-01-09 18:33:14] [Epoch 084/350] train_loss=1.0021 | val_top1=57.20 val_nll=1.2530 val_ece=10.14 | epoch_time=0:05:04 eta_total=22:30:54
[2026-01-09 18:38:24] [Epoch 085/350] train_loss=1.0002 | val_top1=57.28 val_nll=1.3019 val_ece=6.71 | epoch_time=0:05:04 eta_total=22:25:04
[2026-01-09 18:43:35] [Epoch 086/350] train_loss=1.0059 | val_top1=54.00 val_nll=1.3604 val_ece=10.30 | epoch_time=0:05:04 eta_total=22:19:59
[2026-01-09 18:48:45] [Epoch 087/350] train_loss=1.0011 | val_top1=58.16 val_nll=1.2384 val_ece=8.31 | epoch_time=0:05:04 eta_total=22:14:47
[2026-01-09 18:53:56] [Epoch 088/350] train_loss=1.0009 | val_top1=61.48 val_nll=1.1094 val_ece=5.59 | epoch_time=0:05:04 eta_total=22:09:45
[2026-01-09 18:59:06] [Epoch 089/350] train_loss=0.9979 | val_top1=63.12 val_nll=1.0594 val_ece=5.62 | epoch_time=0:05:04 eta_total=22:04:47
[2026-01-09 19:04:16] [Epoch 090/350] train_loss=1.0016 | val_top1=55.52 val_nll=1.2829 val_ece=11.15 | epoch_time=0:05:04 eta_total=21:59:00
[2026-01-09 19:09:27] [Epoch 091/350] train_loss=0.9997 | val_top1=54.72 val_nll=1.3328 val_ece=12.87 | epoch_time=0:05:04 eta_total=21:54:23
[2026-01-09 19:14:38] [Epoch 092/350] train_loss=1.0028 | val_top1=50.52 val_nll=1.5633 val_ece=14.22 | epoch_time=0:05:04 eta_total=21:49:28
[2026-01-09 19:19:48] [Epoch 093/350] train_loss=0.9967 | val_top1=57.12 val_nll=1.2267 val_ece=12.24 | epoch_time=0:05:04 eta_total=21:44:11
[2026-01-09 19:24:59] [Epoch 094/350] train_loss=1.0022 | val_top1=58.52 val_nll=1.1703 val_ece=7.14 | epoch_time=0:05:04 eta_total=21:38:49
[2026-01-09 19:30:09] [Epoch 095/350] train_loss=1.0019 | val_top1=65.24 val_nll=0.9924 val_ece=2.43 | epoch_time=0:05:04 eta_total=21:33:29
[2026-01-09 19:35:19] [Epoch 096/350] train_loss=0.9988 | val_top1=63.48 val_nll=1.0514 val_ece=3.17 | epoch_time=0:05:03 eta_total=21:27:58
[2026-01-09 19:40:29] [Epoch 097/350] train_loss=0.9989 | val_top1=60.00 val_nll=1.1478 val_ece=4.66 | epoch_time=0:05:04 eta_total=21:22:46
[2026-01-09 19:45:40] [Epoch 098/350] train_loss=1.0011 | val_top1=44.00 val_nll=1.8427 val_ece=27.32 | epoch_time=0:05:04 eta_total=21:17:57
[2026-01-09 19:50:50] [Epoch 099/350] train_loss=0.9995 | val_top1=49.88 val_nll=1.4689 val_ece=9.28 | epoch_time=0:05:04 eta_total=21:12:36
[2026-01-09 19:56:00] [Epoch 100/350] train_loss=0.9967 | val_top1=62.60 val_nll=1.0276 val_ece=7.09 | epoch_time=0:05:03 eta_total=21:06:58
[2026-01-09 20:01:10] [Epoch 101/350] train_loss=0.9944 | val_top1=59.40 val_nll=1.2620 val_ece=11.86 | epoch_time=0:05:04 eta_total=21:01:54
[2026-01-09 20:06:22] [Epoch 102/350] train_loss=0.9983 | val_top1=50.76 val_nll=1.5355 val_ece=9.28 | epoch_time=0:05:05 eta_total=20:58:17
[2026-01-09 20:11:33] [Epoch 103/350] train_loss=0.9950 | val_top1=57.44 val_nll=1.1976 val_ece=7.96 | epoch_time=0:05:05 eta_total=20:54:02
[2026-01-09 20:16:44] [Epoch 104/350] train_loss=0.9936 | val_top1=51.56 val_nll=1.4605 val_ece=9.70 | epoch_time=0:05:04 eta_total=20:48:55
[2026-01-09 20:21:56] [Epoch 105/350] train_loss=0.9930 | val_top1=60.80 val_nll=1.1066 val_ece=4.33 | epoch_time=0:05:04 eta_total=20:44:15
[2026-01-09 20:27:07] [Epoch 106/350] train_loss=0.9973 | val_top1=57.68 val_nll=1.1837 val_ece=8.34 | epoch_time=0:05:04 eta_total=20:39:13
[2026-01-09 20:32:18] [Epoch 107/350] train_loss=0.9988 | val_top1=59.40 val_nll=1.1749 val_ece=8.95 | epoch_time=0:05:04 eta_total=20:34:15
[2026-01-09 20:37:29] [Epoch 108/350] train_loss=0.9949 | val_top1=56.08 val_nll=1.2738 val_ece=4.71 | epoch_time=0:05:04 eta_total=20:28:58
[2026-01-09 20:42:40] [Epoch 109/350] train_loss=0.9965 | val_top1=63.44 val_nll=1.0247 val_ece=2.61 | epoch_time=0:05:04 eta_total=20:23:51
[2026-01-09 20:47:51] [Epoch 110/350] train_loss=0.9876 | val_top1=64.48 val_nll=0.9932 val_ece=2.19 | epoch_time=0:05:04 eta_total=20:18:49
[2026-01-09 20:47:52] Saved best checkpoint: outputs/cifar10_vit224_calattn/seed0/best.pt (val ECE=2.19)
[2026-01-09 20:53:02] [Epoch 111/350] train_loss=0.9900 | val_top1=65.16 val_nll=0.9838 val_ece=2.61 | epoch_time=0:05:04 eta_total=20:13:19
[2026-01-09 20:58:13] [Epoch 112/350] train_loss=0.9905 | val_top1=56.64 val_nll=1.2065 val_ece=10.03 | epoch_time=0:05:04 eta_total=20:08:07
[2026-01-09 21:03:24] [Epoch 113/350] train_loss=0.9992 | val_top1=55.00 val_nll=1.3231 val_ece=15.00 | epoch_time=0:05:04 eta_total=20:02:48
[2026-01-09 21:08:34] [Epoch 114/350] train_loss=0.9943 | val_top1=56.56 val_nll=1.2572 val_ece=12.52 | epoch_time=0:05:04 eta_total=19:57:23
[2026-01-09 21:13:45] [Epoch 115/350] train_loss=0.9909 | val_top1=56.16 val_nll=1.2532 val_ece=5.34 | epoch_time=0:05:04 eta_total=19:52:02
[2026-01-09 21:18:56] [Epoch 116/350] train_loss=0.9992 | val_top1=46.36 val_nll=1.5412 val_ece=18.11 | epoch_time=0:05:04 eta_total=19:47:10
[2026-01-09 21:24:06] [Epoch 117/350] train_loss=0.9941 | val_top1=40.00 val_nll=1.7419 val_ece=21.10 | epoch_time=0:05:04 eta_total=19:41:43
[2026-01-09 21:29:16] [Epoch 118/350] train_loss=0.9989 | val_top1=60.72 val_nll=1.1722 val_ece=7.33 | epoch_time=0:05:03 eta_total=19:36:16
[2026-01-09 21:34:26] [Epoch 119/350] train_loss=0.9915 | val_top1=59.52 val_nll=1.1532 val_ece=6.73 | epoch_time=0:05:03 eta_total=19:30:27
[2026-01-09 21:39:36] [Epoch 120/350] train_loss=0.9897 | val_top1=53.32 val_nll=1.4839 val_ece=11.32 | epoch_time=0:05:03 eta_total=19:24:55
[2026-01-09 21:44:46] [Epoch 121/350] train_loss=0.9935 | val_top1=60.52 val_nll=1.1182 val_ece=5.38 | epoch_time=0:05:03 eta_total=19:19:43
[2026-01-09 21:49:56] [Epoch 122/350] train_loss=0.9885 | val_top1=61.16 val_nll=1.0438 val_ece=4.77 | epoch_time=0:05:03 eta_total=19:14:42
[2026-01-09 21:55:06] [Epoch 123/350] train_loss=0.9893 | val_top1=58.44 val_nll=1.2271 val_ece=7.41 | epoch_time=0:05:03 eta_total=19:09:29
[2026-01-09 22:00:16] [Epoch 124/350] train_loss=0.9946 | val_top1=57.72 val_nll=1.2332 val_ece=11.56 | epoch_time=0:05:03 eta_total=19:04:11
[2026-01-09 22:05:26] [Epoch 125/350] train_loss=0.9943 | val_top1=60.00 val_nll=1.1070 val_ece=4.48 | epoch_time=0:05:03 eta_total=18:58:43
[2026-01-09 22:10:35] [Epoch 126/350] train_loss=0.9890 | val_top1=53.84 val_nll=1.4577 val_ece=13.35 | epoch_time=0:05:03 eta_total=18:53:12
[2026-01-09 22:15:46] [Epoch 127/350] train_loss=0.9949 | val_top1=62.84 val_nll=1.0501 val_ece=2.12 | epoch_time=0:05:04 eta_total=18:48:42
[2026-01-09 22:15:47] Saved best checkpoint: outputs/cifar10_vit224_calattn/seed0/best.pt (val ECE=2.12)
[2026-01-09 22:20:57] [Epoch 128/350] train_loss=0.9875 | val_top1=49.60 val_nll=1.4880 val_ece=12.26 | epoch_time=0:05:03 eta_total=18:43:11
[2026-01-09 22:26:07] [Epoch 129/350] train_loss=0.9903 | val_top1=61.64 val_nll=1.1219 val_ece=2.68 | epoch_time=0:05:03 eta_total=18:38:10
[2026-01-09 22:31:17] [Epoch 130/350] train_loss=0.9852 | val_top1=63.32 val_nll=1.0686 val_ece=6.13 | epoch_time=0:05:03 eta_total=18:33:14
[2026-01-09 22:36:26] [Epoch 131/350] train_loss=0.9892 | val_top1=59.60 val_nll=1.1692 val_ece=2.54 | epoch_time=0:05:03 eta_total=18:27:46
[2026-01-09 22:41:36] [Epoch 132/350] train_loss=0.9919 | val_top1=61.32 val_nll=1.0949 val_ece=4.85 | epoch_time=0:05:03 eta_total=18:22:16
[2026-01-09 22:46:45] [Epoch 133/350] train_loss=0.9828 | val_top1=58.00 val_nll=1.1758 val_ece=4.14 | epoch_time=0:05:02 eta_total=18:16:43
[2026-01-09 22:51:54] [Epoch 134/350] train_loss=0.9885 | val_top1=60.12 val_nll=1.1214 val_ece=6.80 | epoch_time=0:05:02 eta_total=18:11:02
[2026-01-09 22:57:03] [Epoch 135/350] train_loss=0.9958 | val_top1=61.72 val_nll=1.1190 val_ece=2.97 | epoch_time=0:05:02 eta_total=18:05:41
[2026-01-09 23:02:12] [Epoch 136/350] train_loss=0.9943 | val_top1=57.72 val_nll=1.2139 val_ece=8.50 | epoch_time=0:05:02 eta_total=18:00:26
[2026-01-09 23:07:21] [Epoch 137/350] train_loss=0.9872 | val_top1=59.48 val_nll=1.1662 val_ece=6.15 | epoch_time=0:05:02 eta_total=17:55:21
[2026-01-09 23:12:31] [Epoch 138/350] train_loss=0.9902 | val_top1=65.64 val_nll=0.9773 val_ece=1.91 | epoch_time=0:05:02 eta_total=17:50:21
[2026-01-09 23:12:32] Saved best checkpoint: outputs/cifar10_vit224_calattn/seed0/best.pt (val ECE=1.91)
[2026-01-09 23:17:41] [Epoch 139/350] train_loss=0.9841 | val_top1=52.60 val_nll=1.3702 val_ece=9.64 | epoch_time=0:05:02 eta_total=17:45:09
[2026-01-09 23:22:50] [Epoch 140/350] train_loss=0.9904 | val_top1=62.72 val_nll=1.0281 val_ece=2.48 | epoch_time=0:05:02 eta_total=17:39:45
[2026-01-09 23:27:59] [Epoch 141/350] train_loss=0.9912 | val_top1=48.72 val_nll=1.4761 val_ece=20.81 | epoch_time=0:05:02 eta_total=17:34:37
[2026-01-09 23:33:07] [Epoch 142/350] train_loss=0.9969 | val_top1=52.48 val_nll=1.4374 val_ece=16.08 | epoch_time=0:05:02 eta_total=17:29:17
[2026-01-09 23:38:16] [Epoch 143/350] train_loss=0.9954 | val_top1=61.36 val_nll=1.1162 val_ece=2.04 | epoch_time=0:05:02 eta_total=17:23:54
[2026-01-09 23:43:24] [Epoch 144/350] train_loss=0.9925 | val_top1=58.16 val_nll=1.1666 val_ece=8.49 | epoch_time=0:05:02 eta_total=17:18:31
[2026-01-09 23:48:33] [Epoch 145/350] train_loss=0.9884 | val_top1=58.80 val_nll=1.1432 val_ece=5.06 | epoch_time=0:05:02 eta_total=17:13:15
[2026-01-09 23:53:42] [Epoch 146/350] train_loss=0.9881 | val_top1=64.12 val_nll=0.9794 val_ece=2.51 | epoch_time=0:05:02 eta_total=17:08:08
[2026-01-09 23:58:51] [Epoch 147/350] train_loss=0.9845 | val_top1=59.80 val_nll=1.1502 val_ece=9.36 | epoch_time=0:05:02 eta_total=17:03:03
[2026-01-10 00:03:59] [Epoch 148/350] train_loss=0.9851 | val_top1=65.88 val_nll=0.9364 val_ece=3.02 | epoch_time=0:05:01 eta_total=16:56:58
[2026-01-10 00:09:06] [Epoch 149/350] train_loss=0.9906 | val_top1=64.40 val_nll=1.0080 val_ece=2.72 | epoch_time=0:05:01 eta_total=16:51:14
[2026-01-10 00:14:14] [Epoch 150/350] train_loss=0.9870 | val_top1=59.72 val_nll=1.1709 val_ece=9.79 | epoch_time=0:05:01 eta_total=16:46:17
[2026-01-10 00:19:23] [Epoch 151/350] train_loss=0.7247 | val_top1=74.36 val_nll=0.7144 val_ece=2.84 | epoch_time=0:05:02 eta_total=16:41:48
[2026-01-10 00:24:31] [Epoch 152/350] train_loss=0.6612 | val_top1=75.88 val_nll=0.6809 val_ece=2.57 | epoch_time=0:05:01 eta_total=16:36:34
[2026-01-10 00:29:39] [Epoch 153/350] train_loss=0.6356 | val_top1=76.48 val_nll=0.6839 val_ece=1.97 | epoch_time=0:05:01 eta_total=16:31:04
[2026-01-10 00:34:47] [Epoch 154/350] train_loss=0.6196 | val_top1=77.24 val_nll=0.6712 val_ece=2.10 | epoch_time=0:05:01 eta_total=16:26:02
[2026-01-10 00:39:55] [Epoch 155/350] train_loss=0.6073 | val_top1=77.08 val_nll=0.6672 val_ece=2.19 | epoch_time=0:05:01 eta_total=16:20:46
[2026-01-10 00:45:03] [Epoch 156/350] train_loss=0.5994 | val_top1=76.60 val_nll=0.6611 val_ece=2.45 | epoch_time=0:05:01 eta_total=16:15:50
[2026-01-10 00:50:11] [Epoch 157/350] train_loss=0.5907 | val_top1=76.04 val_nll=0.7211 val_ece=4.05 | epoch_time=0:05:01 eta_total=16:10:54
[2026-01-10 00:55:20] [Epoch 158/350] train_loss=0.5856 | val_top1=76.96 val_nll=0.6727 val_ece=3.08 | epoch_time=0:05:02 eta_total=16:06:08
[2026-01-10 01:00:28] [Epoch 159/350] train_loss=0.5800 | val_top1=77.00 val_nll=0.6542 val_ece=2.51 | epoch_time=0:05:01 eta_total=16:00:53
[2026-01-10 01:05:36] [Epoch 160/350] train_loss=0.5772 | val_top1=77.24 val_nll=0.6615 val_ece=2.61 | epoch_time=0:05:01 eta_total=15:55:46
[2026-01-10 01:10:44] [Epoch 161/350] train_loss=0.5717 | val_top1=78.08 val_nll=0.6493 val_ece=2.21 | epoch_time=0:05:01 eta_total=15:50:28
[2026-01-10 01:15:52] [Epoch 162/350] train_loss=0.5693 | val_top1=78.04 val_nll=0.6424 val_ece=2.16 | epoch_time=0:05:01 eta_total=15:45:17
[2026-01-10 01:21:00] [Epoch 163/350] train_loss=0.5716 | val_top1=76.64 val_nll=0.6751 val_ece=3.65 | epoch_time=0:05:01 eta_total=15:40:30
[2026-01-10 01:26:08] [Epoch 164/350] train_loss=0.5640 | val_top1=76.56 val_nll=0.6878 val_ece=4.68 | epoch_time=0:05:01 eta_total=15:35:19
[2026-01-10 01:31:16] [Epoch 165/350] train_loss=0.5620 | val_top1=75.16 val_nll=0.7390 val_ece=5.01 | epoch_time=0:05:01 eta_total=15:30:15
[2026-01-10 01:36:24] [Epoch 166/350] train_loss=0.5651 | val_top1=76.76 val_nll=0.7027 val_ece=3.68 | epoch_time=0:05:01 eta_total=15:24:58
[2026-01-10 01:41:31] [Epoch 167/350] train_loss=0.5636 | val_top1=76.36 val_nll=0.7030 val_ece=4.46 | epoch_time=0:05:01 eta_total=15:19:52
[2026-01-10 01:46:39] [Epoch 168/350] train_loss=0.5571 | val_top1=76.52 val_nll=0.6703 val_ece=4.30 | epoch_time=0:05:01 eta_total=15:14:43
[2026-01-10 01:51:47] [Epoch 169/350] train_loss=0.5570 | val_top1=77.20 val_nll=0.6913 val_ece=3.92 | epoch_time=0:05:01 eta_total=15:09:58
[2026-01-10 01:56:55] [Epoch 170/350] train_loss=0.5529 | val_top1=77.00 val_nll=0.6626 val_ece=3.30 | epoch_time=0:05:01 eta_total=15:04:43
[2026-01-10 02:02:03] [Epoch 171/350] train_loss=0.5514 | val_top1=78.24 val_nll=0.6255 val_ece=1.89 | epoch_time=0:05:01 eta_total=14:59:38
[2026-01-10 02:02:05] Saved best checkpoint: outputs/cifar10_vit224_calattn/seed0/best.pt (val ECE=1.89)
[2026-01-10 02:07:13] [Epoch 172/350] train_loss=0.5473 | val_top1=78.00 val_nll=0.6357 val_ece=2.54 | epoch_time=0:05:01 eta_total=14:54:46
[2026-01-10 02:12:21] [Epoch 173/350] train_loss=0.5474 | val_top1=76.04 val_nll=0.6693 val_ece=3.31 | epoch_time=0:05:01 eta_total=14:49:59
[2026-01-10 02:17:29] [Epoch 174/350] train_loss=0.5465 | val_top1=76.88 val_nll=0.6687 val_ece=3.94 | epoch_time=0:05:01 eta_total=14:44:58
[2026-01-10 02:22:36] [Epoch 175/350] train_loss=0.5444 | val_top1=76.64 val_nll=0.7157 val_ece=4.26 | epoch_time=0:05:01 eta_total=14:39:33
[2026-01-10 02:27:43] [Epoch 176/350] train_loss=0.5427 | val_top1=74.44 val_nll=0.7314 val_ece=7.04 | epoch_time=0:05:01 eta_total=14:34:20
[2026-01-10 02:32:51] [Epoch 177/350] train_loss=0.5391 | val_top1=76.76 val_nll=0.6846 val_ece=3.08 | epoch_time=0:05:01 eta_total=14:29:14
[2026-01-10 02:37:58] [Epoch 178/350] train_loss=0.5353 | val_top1=76.04 val_nll=0.6887 val_ece=3.77 | epoch_time=0:05:01 eta_total=14:24:14
[2026-01-10 02:43:06] [Epoch 179/350] train_loss=0.5411 | val_top1=77.20 val_nll=0.6704 val_ece=3.41 | epoch_time=0:05:01 eta_total=14:19:00
[2026-01-10 02:48:14] [Epoch 180/350] train_loss=0.5332 | val_top1=76.76 val_nll=0.6698 val_ece=4.19 | epoch_time=0:05:01 eta_total=14:13:57
[2026-01-10 02:53:21] [Epoch 181/350] train_loss=0.5276 | val_top1=77.52 val_nll=0.6686 val_ece=4.22 | epoch_time=0:05:01 eta_total=14:09:04
[2026-01-10 02:58:29] [Epoch 182/350] train_loss=0.5266 | val_top1=76.76 val_nll=0.6652 val_ece=3.25 | epoch_time=0:05:01 eta_total=14:03:58
[2026-01-10 03:03:36] [Epoch 183/350] train_loss=0.5268 | val_top1=77.28 val_nll=0.6670 val_ece=3.80 | epoch_time=0:05:01 eta_total=13:58:48
[2026-01-10 03:08:44] [Epoch 184/350] train_loss=0.5211 | val_top1=76.60 val_nll=0.6776 val_ece=3.61 | epoch_time=0:05:01 eta_total=13:53:41
[2026-01-10 03:13:51] [Epoch 185/350] train_loss=0.5237 | val_top1=77.48 val_nll=0.6606 val_ece=4.37 | epoch_time=0:05:01 eta_total=13:48:42
[2026-01-10 03:18:59] [Epoch 186/350] train_loss=0.5221 | val_top1=77.36 val_nll=0.6691 val_ece=4.10 | epoch_time=0:05:01 eta_total=13:43:35
[2026-01-10 03:24:06] [Epoch 187/350] train_loss=0.5183 | val_top1=77.44 val_nll=0.6669 val_ece=3.56 | epoch_time=0:05:01 eta_total=13:38:34
[2026-01-10 03:29:14] [Epoch 188/350] train_loss=0.5158 | val_top1=76.28 val_nll=0.6846 val_ece=4.78 | epoch_time=0:05:01 eta_total=13:33:44
[2026-01-10 03:34:21] [Epoch 189/350] train_loss=0.5114 | val_top1=76.52 val_nll=0.6804 val_ece=4.45 | epoch_time=0:05:01 eta_total=13:28:47
[2026-01-10 03:39:29] [Epoch 190/350] train_loss=0.5105 | val_top1=78.28 val_nll=0.6502 val_ece=2.45 | epoch_time=0:05:01 eta_total=13:23:45
[2026-01-10 03:44:37] [Epoch 191/350] train_loss=0.5114 | val_top1=76.20 val_nll=0.7014 val_ece=4.43 | epoch_time=0:05:01 eta_total=13:18:51
[2026-01-10 03:49:44] [Epoch 192/350] train_loss=0.5089 | val_top1=76.64 val_nll=0.6470 val_ece=5.21 | epoch_time=0:05:01 eta_total=13:13:34
[2026-01-10 03:54:51] [Epoch 193/350] train_loss=0.5025 | val_top1=77.08 val_nll=0.6782 val_ece=4.64 | epoch_time=0:05:01 eta_total=13:08:43
[2026-01-10 03:59:59] [Epoch 194/350] train_loss=0.5057 | val_top1=76.48 val_nll=0.6662 val_ece=4.05 | epoch_time=0:05:01 eta_total=13:03:42
[2026-01-10 04:05:07] [Epoch 195/350] train_loss=0.5041 | val_top1=78.00 val_nll=0.6531 val_ece=3.57 | epoch_time=0:05:01 eta_total=12:58:48
[2026-01-10 04:10:14] [Epoch 196/350] train_loss=0.5011 | val_top1=76.44 val_nll=0.6708 val_ece=4.73 | epoch_time=0:05:01 eta_total=12:53:46
[2026-01-10 04:15:22] [Epoch 197/350] train_loss=0.5010 | val_top1=77.24 val_nll=0.6932 val_ece=5.33 | epoch_time=0:05:01 eta_total=12:48:54
[2026-01-10 04:20:30] [Epoch 198/350] train_loss=0.4953 | val_top1=75.72 val_nll=0.7141 val_ece=4.96 | epoch_time=0:05:01 eta_total=12:44:00
[2026-01-10 04:25:37] [Epoch 199/350] train_loss=0.4938 | val_top1=76.92 val_nll=0.6672 val_ece=4.06 | epoch_time=0:05:01 eta_total=12:38:43
[2026-01-10 04:30:45] [Epoch 200/350] train_loss=0.4944 | val_top1=79.28 val_nll=0.6247 val_ece=3.14 | epoch_time=0:05:01 eta_total=12:33:37
[2026-01-10 04:35:53] [Epoch 201/350] train_loss=0.4925 | val_top1=77.08 val_nll=0.6871 val_ece=4.21 | epoch_time=0:05:01 eta_total=12:28:45
[2026-01-10 04:41:01] [Epoch 202/350] train_loss=0.4893 | val_top1=77.72 val_nll=0.6629 val_ece=4.95 | epoch_time=0:05:01 eta_total=12:23:50
[2026-01-10 04:46:08] [Epoch 203/350] train_loss=0.4906 | val_top1=77.16 val_nll=0.7006 val_ece=5.74 | epoch_time=0:05:01 eta_total=12:18:45
[2026-01-10 04:51:16] [Epoch 204/350] train_loss=0.4904 | val_top1=77.16 val_nll=0.6527 val_ece=3.41 | epoch_time=0:05:01 eta_total=12:13:37
[2026-01-10 04:56:24] [Epoch 205/350] train_loss=0.4882 | val_top1=76.84 val_nll=0.6690 val_ece=4.77 | epoch_time=0:05:01 eta_total=12:08:30
[2026-01-10 05:01:32] [Epoch 206/350] train_loss=0.4859 | val_top1=76.80 val_nll=0.6656 val_ece=5.34 | epoch_time=0:05:01 eta_total=12:03:39
[2026-01-10 05:06:40] [Epoch 207/350] train_loss=0.4826 | val_top1=78.00 val_nll=0.6604 val_ece=5.14 | epoch_time=0:05:02 eta_total=11:59:17
[2026-01-10 05:11:48] [Epoch 208/350] train_loss=0.4837 | val_top1=76.40 val_nll=0.6583 val_ece=4.14 | epoch_time=0:05:01 eta_total=11:54:06
[2026-01-10 05:16:57] [Epoch 209/350] train_loss=0.4833 | val_top1=78.60 val_nll=0.6586 val_ece=3.53 | epoch_time=0:05:02 eta_total=11:49:49
[2026-01-10 05:22:05] [Epoch 210/350] train_loss=0.4797 | val_top1=75.88 val_nll=0.7050 val_ece=4.62 | epoch_time=0:05:01 eta_total=11:44:24
[2026-01-10 05:27:12] [Epoch 211/350] train_loss=0.4786 | val_top1=79.28 val_nll=0.6238 val_ece=5.60 | epoch_time=0:05:01 eta_total=11:38:58
[2026-01-10 05:32:20] [Epoch 212/350] train_loss=0.4765 | val_top1=77.88 val_nll=0.6715 val_ece=4.81 | epoch_time=0:05:01 eta_total=11:33:48
[2026-01-10 05:37:28] [Epoch 213/350] train_loss=0.4748 | val_top1=76.44 val_nll=0.6986 val_ece=5.39 | epoch_time=0:05:01 eta_total=11:28:36
[2026-01-10 05:42:36] [Epoch 214/350] train_loss=0.4765 | val_top1=75.88 val_nll=0.7382 val_ece=6.28 | epoch_time=0:05:01 eta_total=11:23:38
[2026-01-10 05:47:43] [Epoch 215/350] train_loss=0.4719 | val_top1=76.92 val_nll=0.6605 val_ece=6.09 | epoch_time=0:05:01 eta_total=11:18:38
[2026-01-10 05:52:51] [Epoch 216/350] train_loss=0.4752 | val_top1=76.92 val_nll=0.6990 val_ece=4.73 | epoch_time=0:05:01 eta_total=11:13:32
[2026-01-10 05:57:59] [Epoch 217/350] train_loss=0.4720 | val_top1=77.16 val_nll=0.6711 val_ece=5.03 | epoch_time=0:05:01 eta_total=11:08:31
[2026-01-10 06:03:07] [Epoch 218/350] train_loss=0.4689 | val_top1=77.20 val_nll=0.6802 val_ece=4.52 | epoch_time=0:05:01 eta_total=11:03:20
[2026-01-10 06:08:15] [Epoch 219/350] train_loss=0.4667 | val_top1=77.56 val_nll=0.6570 val_ece=4.58 | epoch_time=0:05:01 eta_total=10:58:23
[2026-01-10 06:13:22] [Epoch 220/350] train_loss=0.4631 | val_top1=76.88 val_nll=0.6837 val_ece=5.52 | epoch_time=0:05:00 eta_total=10:52:59
[2026-01-10 06:18:28] [Epoch 221/350] train_loss=0.4622 | val_top1=77.44 val_nll=0.6694 val_ece=5.91 | epoch_time=0:05:00 eta_total=10:47:30
[2026-01-10 06:23:35] [Epoch 222/350] train_loss=0.4623 | val_top1=77.60 val_nll=0.6523 val_ece=4.37 | epoch_time=0:05:00 eta_total=10:42:20
[2026-01-10 06:28:42] [Epoch 223/350] train_loss=0.4630 | val_top1=77.16 val_nll=0.6683 val_ece=5.40 | epoch_time=0:05:00 eta_total=10:37:06
[2026-01-10 06:33:49] [Epoch 224/350] train_loss=0.4575 | val_top1=77.56 val_nll=0.6627 val_ece=4.28 | epoch_time=0:05:01 eta_total=10:32:12
[2026-01-10 06:38:56] [Epoch 225/350] train_loss=0.4586 | val_top1=77.68 val_nll=0.6621 val_ece=4.67 | epoch_time=0:05:00 eta_total=10:27:03
[2026-01-10 06:44:03] [Epoch 226/350] train_loss=0.4625 | val_top1=75.32 val_nll=0.7479 val_ece=6.35 | epoch_time=0:05:00 eta_total=10:21:53
[2026-01-10 06:49:10] [Epoch 227/350] train_loss=0.4584 | val_top1=77.36 val_nll=0.6775 val_ece=5.31 | epoch_time=0:05:00 eta_total=10:16:50
[2026-01-10 06:54:17] [Epoch 228/350] train_loss=0.4595 | val_top1=78.36 val_nll=0.6598 val_ece=4.88 | epoch_time=0:05:01 eta_total=10:11:55
[2026-01-10 06:59:25] [Epoch 229/350] train_loss=0.4562 | val_top1=77.04 val_nll=0.6722 val_ece=4.77 | epoch_time=0:05:01 eta_total=10:07:01
[2026-01-10 07:04:32] [Epoch 230/350] train_loss=0.4567 | val_top1=77.52 val_nll=0.6416 val_ece=5.00 | epoch_time=0:05:00 eta_total=10:01:48
[2026-01-10 07:09:39] [Epoch 231/350] train_loss=0.4532 | val_top1=78.80 val_nll=0.6221 val_ece=3.66 | epoch_time=0:05:01 eta_total=9:56:51
[2026-01-10 07:14:46] [Epoch 232/350] train_loss=0.4506 | val_top1=77.36 val_nll=0.6836 val_ece=6.54 | epoch_time=0:05:01 eta_total=9:51:59
[2026-01-10 07:19:53] [Epoch 233/350] train_loss=0.4566 | val_top1=78.08 val_nll=0.6630 val_ece=6.06 | epoch_time=0:05:01 eta_total=9:47:00
[2026-01-10 07:25:00] [Epoch 234/350] train_loss=0.4527 | val_top1=77.36 val_nll=0.7110 val_ece=6.64 | epoch_time=0:05:00 eta_total=9:41:56
[2026-01-10 07:30:07] [Epoch 235/350] train_loss=0.4515 | val_top1=77.88 val_nll=0.6657 val_ece=4.53 | epoch_time=0:05:00 eta_total=9:36:41
[2026-01-10 07:35:14] [Epoch 236/350] train_loss=0.4492 | val_top1=77.20 val_nll=0.6929 val_ece=5.75 | epoch_time=0:05:00 eta_total=9:31:40
[2026-01-10 07:40:21] [Epoch 237/350] train_loss=0.4483 | val_top1=78.64 val_nll=0.6644 val_ece=4.84 | epoch_time=0:05:00 eta_total=9:26:41
[2026-01-10 07:45:29] [Epoch 238/350] train_loss=0.4452 | val_top1=77.28 val_nll=0.6713 val_ece=4.99 | epoch_time=0:05:00 eta_total=9:21:42
[2026-01-10 07:50:36] [Epoch 239/350] train_loss=0.4500 | val_top1=78.40 val_nll=0.6671 val_ece=5.52 | epoch_time=0:05:00 eta_total=9:16:36
[2026-01-10 07:55:42] [Epoch 240/350] train_loss=0.4456 | val_top1=77.48 val_nll=0.6993 val_ece=5.49 | epoch_time=0:05:00 eta_total=9:11:19
[2026-01-10 08:00:49] [Epoch 241/350] train_loss=0.4435 | val_top1=77.60 val_nll=0.6543 val_ece=5.46 | epoch_time=0:05:00 eta_total=9:06:17
[2026-01-10 08:05:56] [Epoch 242/350] train_loss=0.4497 | val_top1=75.68 val_nll=0.7117 val_ece=7.25 | epoch_time=0:05:00 eta_total=9:01:20
[2026-01-10 08:11:02] [Epoch 243/350] train_loss=0.4425 | val_top1=77.12 val_nll=0.6868 val_ece=5.29 | epoch_time=0:05:00 eta_total=8:56:10
[2026-01-10 08:16:09] [Epoch 244/350] train_loss=0.4406 | val_top1=76.48 val_nll=0.6741 val_ece=6.51 | epoch_time=0:05:00 eta_total=8:51:15
[2026-01-10 08:21:16] [Epoch 245/350] train_loss=0.4437 | val_top1=76.48 val_nll=0.7120 val_ece=6.33 | epoch_time=0:05:00 eta_total=8:46:06
[2026-01-10 08:26:22] [Epoch 246/350] train_loss=0.4393 | val_top1=76.96 val_nll=0.6861 val_ece=5.80 | epoch_time=0:05:00 eta_total=8:40:56
[2026-01-10 08:31:29] [Epoch 247/350] train_loss=0.4396 | val_top1=78.32 val_nll=0.6641 val_ece=5.27 | epoch_time=0:05:00 eta_total=8:35:58
[2026-01-10 08:36:35] [Epoch 248/350] train_loss=0.4371 | val_top1=78.40 val_nll=0.6527 val_ece=3.61 | epoch_time=0:05:00 eta_total=8:30:45
[2026-01-10 08:41:42] [Epoch 249/350] train_loss=0.4388 | val_top1=78.60 val_nll=0.6363 val_ece=3.10 | epoch_time=0:05:00 eta_total=8:25:51
[2026-01-10 08:46:49] [Epoch 250/350] train_loss=0.4395 | val_top1=78.72 val_nll=0.6439 val_ece=5.02 | epoch_time=0:05:01 eta_total=8:21:08
[2026-01-10 08:51:56] [Epoch 251/350] train_loss=0.2829 | val_top1=81.08 val_nll=0.6197 val_ece=7.70 | epoch_time=0:05:00 eta_total=8:16:08
[2026-01-10 08:57:03] [Epoch 252/350] train_loss=0.2376 | val_top1=81.60 val_nll=0.6257 val_ece=7.79 | epoch_time=0:05:00 eta_total=8:11:13
[2026-01-10 09:02:09] [Epoch 253/350] train_loss=0.2239 | val_top1=82.40 val_nll=0.6366 val_ece=7.57 | epoch_time=0:05:00 eta_total=8:06:05
[2026-01-10 09:07:17] [Epoch 254/350] train_loss=0.2112 | val_top1=81.36 val_nll=0.6593 val_ece=8.70 | epoch_time=0:05:01 eta_total=8:01:15
[2026-01-10 09:12:24] [Epoch 255/350] train_loss=0.2003 | val_top1=81.96 val_nll=0.6988 val_ece=8.65 | epoch_time=0:05:00 eta_total=7:56:19
[2026-01-10 09:17:31] [Epoch 256/350] train_loss=0.1996 | val_top1=81.08 val_nll=0.7211 val_ece=9.57 | epoch_time=0:05:00 eta_total=7:51:20
[2026-01-10 09:22:37] [Epoch 257/350] train_loss=0.1909 | val_top1=82.16 val_nll=0.7085 val_ece=9.03 | epoch_time=0:05:00 eta_total=7:46:09
[2026-01-10 09:27:44] [Epoch 258/350] train_loss=0.1856 | val_top1=81.20 val_nll=0.7480 val_ece=10.11 | epoch_time=0:05:00 eta_total=7:41:10
[2026-01-10 09:32:51] [Epoch 259/350] train_loss=0.1810 | val_top1=81.40 val_nll=0.7348 val_ece=9.84 | epoch_time=0:05:01 eta_total=7:36:17
[2026-01-10 09:37:58] [Epoch 260/350] train_loss=0.1805 | val_top1=81.32 val_nll=0.7317 val_ece=10.31 | epoch_time=0:05:00 eta_total=7:31:13
[2026-01-10 09:43:05] [Epoch 261/350] train_loss=0.1783 | val_top1=81.08 val_nll=0.7856 val_ece=10.03 | epoch_time=0:05:01 eta_total=7:26:21
[2026-01-10 09:48:12] [Epoch 262/350] train_loss=0.1692 | val_top1=80.56 val_nll=0.8092 val_ece=11.35 | epoch_time=0:05:00 eta_total=7:21:20
[2026-01-10 09:53:18] [Epoch 263/350] train_loss=0.1683 | val_top1=81.20 val_nll=0.7613 val_ece=10.03 | epoch_time=0:05:00 eta_total=7:16:02
[2026-01-10 09:58:25] [Epoch 264/350] train_loss=0.1640 | val_top1=81.20 val_nll=0.8169 val_ece=10.80 | epoch_time=0:05:00 eta_total=7:10:47
[2026-01-10 10:03:31] [Epoch 265/350] train_loss=0.1594 | val_top1=80.88 val_nll=0.8101 val_ece=10.86 | epoch_time=0:05:00 eta_total=7:05:49
[2026-01-10 10:08:38] [Epoch 266/350] train_loss=0.1583 | val_top1=80.76 val_nll=0.8659 val_ece=11.10 | epoch_time=0:05:00 eta_total=7:00:53
[2026-01-10 10:13:44] [Epoch 267/350] train_loss=0.1570 | val_top1=80.36 val_nll=0.8241 val_ece=11.16 | epoch_time=0:05:00 eta_total=6:55:45
[2026-01-10 10:18:51] [Epoch 268/350] train_loss=0.1580 | val_top1=80.00 val_nll=0.8467 val_ece=12.04 | epoch_time=0:05:00 eta_total=6:50:38
[2026-01-10 10:23:57] [Epoch 269/350] train_loss=0.1539 | val_top1=81.72 val_nll=0.8096 val_ece=9.85 | epoch_time=0:05:00 eta_total=6:45:38
[2026-01-10 10:29:04] [Epoch 270/350] train_loss=0.1529 | val_top1=80.80 val_nll=0.8748 val_ece=11.14 | epoch_time=0:05:00 eta_total=6:40:39
[2026-01-10 10:34:10] [Epoch 271/350] train_loss=0.1468 | val_top1=80.80 val_nll=0.8857 val_ece=11.39 | epoch_time=0:05:00 eta_total=6:35:34
[2026-01-10 10:39:16] [Epoch 272/350] train_loss=0.1461 | val_top1=79.64 val_nll=0.9087 val_ece=12.04 | epoch_time=0:04:59 eta_total=6:30:22
[2026-01-10 10:44:23] [Epoch 273/350] train_loss=0.1448 | val_top1=81.04 val_nll=0.8961 val_ece=11.53 | epoch_time=0:05:00 eta_total=6:25:31
[2026-01-10 10:49:29] [Epoch 274/350] train_loss=0.1442 | val_top1=80.68 val_nll=0.9055 val_ece=12.21 | epoch_time=0:05:00 eta_total=6:20:29
[2026-01-10 10:54:35] [Epoch 275/350] train_loss=0.1418 | val_top1=81.32 val_nll=0.9012 val_ece=11.39 | epoch_time=0:05:00 eta_total=6:15:21
[2026-01-10 10:59:41] [Epoch 276/350] train_loss=0.1387 | val_top1=80.56 val_nll=0.9094 val_ece=12.17 | epoch_time=0:05:00 eta_total=6:10:21
[2026-01-10 11:04:47] [Epoch 277/350] train_loss=0.1401 | val_top1=80.84 val_nll=0.9075 val_ece=11.90 | epoch_time=0:05:00 eta_total=6:05:17
[2026-01-10 11:09:54] [Epoch 278/350] train_loss=0.1375 | val_top1=80.80 val_nll=0.8678 val_ece=11.38 | epoch_time=0:05:00 eta_total=6:00:17
[2026-01-10 11:15:00] [Epoch 279/350] train_loss=0.1338 | val_top1=80.60 val_nll=0.9912 val_ece=12.51 | epoch_time=0:05:00 eta_total=5:55:14
[2026-01-10 11:20:06] [Epoch 280/350] train_loss=0.1346 | val_top1=80.80 val_nll=0.9799 val_ece=12.39 | epoch_time=0:05:00 eta_total=5:50:23
[2026-01-10 11:25:13] [Epoch 281/350] train_loss=0.1359 | val_top1=79.88 val_nll=0.9190 val_ece=12.31 | epoch_time=0:05:00 eta_total=5:45:17
[2026-01-10 11:30:18] [Epoch 282/350] train_loss=0.1323 | val_top1=80.80 val_nll=1.0018 val_ece=12.17 | epoch_time=0:04:59 eta_total=5:40:08
[2026-01-10 11:35:25] [Epoch 283/350] train_loss=0.1325 | val_top1=79.92 val_nll=1.0013 val_ece=12.58 | epoch_time=0:05:00 eta_total=5:35:09
[2026-01-10 11:40:31] [Epoch 284/350] train_loss=0.1290 | val_top1=80.36 val_nll=0.9430 val_ece=12.51 | epoch_time=0:05:00 eta_total=5:30:16
[2026-01-10 11:45:38] [Epoch 285/350] train_loss=0.1294 | val_top1=80.16 val_nll=1.0121 val_ece=12.78 | epoch_time=0:05:00 eta_total=5:25:24
[2026-01-10 11:50:44] [Epoch 286/350] train_loss=0.1289 | val_top1=80.56 val_nll=0.9125 val_ece=11.93 | epoch_time=0:05:00 eta_total=5:20:25
[2026-01-10 11:55:51] [Epoch 287/350] train_loss=0.1264 | val_top1=79.80 val_nll=1.0719 val_ece=13.32 | epoch_time=0:05:00 eta_total=5:15:24
[2026-01-10 12:00:57] [Epoch 288/350] train_loss=0.1256 | val_top1=79.92 val_nll=1.0065 val_ece=13.11 | epoch_time=0:04:59 eta_total=5:10:16
[2026-01-10 12:06:03] [Epoch 289/350] train_loss=0.1242 | val_top1=80.32 val_nll=0.9632 val_ece=12.54 | epoch_time=0:04:59 eta_total=5:05:10
[2026-01-10 12:11:09] [Epoch 290/350] train_loss=0.1216 | val_top1=79.40 val_nll=1.1507 val_ece=14.09 | epoch_time=0:05:00 eta_total=5:00:09
[2026-01-10 12:16:15] [Epoch 291/350] train_loss=0.1241 | val_top1=80.28 val_nll=0.9508 val_ece=12.75 | epoch_time=0:04:59 eta_total=4:54:56
[2026-01-10 12:21:21] [Epoch 292/350] train_loss=0.1226 | val_top1=80.96 val_nll=1.0009 val_ece=12.27 | epoch_time=0:05:00 eta_total=4:49:59
[2026-01-10 12:26:27] [Epoch 293/350] train_loss=0.1185 | val_top1=80.56 val_nll=1.0277 val_ece=13.03 | epoch_time=0:05:00 eta_total=4:45:02
[2026-01-10 12:31:33] [Epoch 294/350] train_loss=0.1188 | val_top1=80.72 val_nll=1.0373 val_ece=13.07 | epoch_time=0:04:59 eta_total=4:40:00
[2026-01-10 12:36:39] [Epoch 295/350] train_loss=0.1172 | val_top1=80.64 val_nll=0.9794 val_ece=12.38 | epoch_time=0:04:59 eta_total=4:34:58
[2026-01-10 12:41:45] [Epoch 296/350] train_loss=0.1209 | val_top1=80.00 val_nll=1.1304 val_ece=13.40 | epoch_time=0:04:59 eta_total=4:29:58
[2026-01-10 12:46:51] [Epoch 297/350] train_loss=0.1184 | val_top1=79.44 val_nll=1.0849 val_ece=14.03 | epoch_time=0:05:00 eta_total=4:25:00
[2026-01-10 12:51:57] [Epoch 298/350] train_loss=0.1183 | val_top1=79.84 val_nll=1.0387 val_ece=13.41 | epoch_time=0:04:59 eta_total=4:19:58
[2026-01-10 12:57:03] [Epoch 299/350] train_loss=0.1151 | val_top1=80.16 val_nll=1.0792 val_ece=13.33 | epoch_time=0:05:00 eta_total=4:15:07
[2026-01-10 13:02:10] [Epoch 300/350] train_loss=0.1164 | val_top1=80.00 val_nll=1.1288 val_ece=13.58 | epoch_time=0:05:00 eta_total=4:10:13
[2026-01-10 13:07:16] [Epoch 301/350] train_loss=0.1146 | val_top1=79.84 val_nll=1.0887 val_ece=13.65 | epoch_time=0:05:00 eta_total=4:05:11
[2026-01-10 13:12:23] [Epoch 302/350] train_loss=0.1168 | val_top1=80.36 val_nll=1.0435 val_ece=12.62 | epoch_time=0:05:00 eta_total=4:00:13
[2026-01-10 13:17:29] [Epoch 303/350] train_loss=0.1150 | val_top1=79.92 val_nll=1.0322 val_ece=13.24 | epoch_time=0:05:00 eta_total=3:55:10
[2026-01-10 13:22:35] [Epoch 304/350] train_loss=0.1155 | val_top1=80.56 val_nll=1.0801 val_ece=13.61 | epoch_time=0:04:59 eta_total=3:50:05
[2026-01-10 13:27:41] [Epoch 305/350] train_loss=0.1122 | val_top1=80.48 val_nll=1.0466 val_ece=12.69 | epoch_time=0:04:59 eta_total=3:45:01
[2026-01-10 13:32:46] [Epoch 306/350] train_loss=0.1116 | val_top1=79.24 val_nll=1.1432 val_ece=14.30 | epoch_time=0:04:59 eta_total=3:39:56
[2026-01-10 13:37:52] [Epoch 307/350] train_loss=0.1132 | val_top1=79.96 val_nll=1.0906 val_ece=13.54 | epoch_time=0:04:59 eta_total=3:34:54
[2026-01-10 13:42:58] [Epoch 308/350] train_loss=0.1091 | val_top1=80.36 val_nll=1.1231 val_ece=13.57 | epoch_time=0:04:59 eta_total=3:29:53
[2026-01-10 13:48:04] [Epoch 309/350] train_loss=0.1078 | val_top1=79.96 val_nll=1.1258 val_ece=14.19 | epoch_time=0:05:00 eta_total=3:24:56
[2026-01-10 13:53:10] [Epoch 310/350] train_loss=0.1099 | val_top1=79.12 val_nll=1.1670 val_ece=14.95 | epoch_time=0:04:59 eta_total=3:19:53
[2026-01-10 13:58:16] [Epoch 311/350] train_loss=0.1094 | val_top1=80.08 val_nll=1.1507 val_ece=13.84 | epoch_time=0:04:59 eta_total=3:14:53
[2026-01-10 14:03:22] [Epoch 312/350] train_loss=0.1083 | val_top1=79.72 val_nll=1.1590 val_ece=14.50 | epoch_time=0:05:00 eta_total=3:10:00
[2026-01-10 14:08:28] [Epoch 313/350] train_loss=0.1094 | val_top1=80.08 val_nll=1.1409 val_ece=14.00 | epoch_time=0:04:59 eta_total=3:04:57
[2026-01-10 14:13:34] [Epoch 314/350] train_loss=0.1109 | val_top1=79.96 val_nll=1.0549 val_ece=13.68 | epoch_time=0:04:59 eta_total=2:59:56
[2026-01-10 14:18:40] [Epoch 315/350] train_loss=0.1064 | val_top1=78.72 val_nll=1.1969 val_ece=15.20 | epoch_time=0:04:59 eta_total=2:54:56
[2026-01-10 14:23:46] [Epoch 316/350] train_loss=0.1050 | val_top1=79.88 val_nll=1.2360 val_ece=14.15 | epoch_time=0:05:00 eta_total=2:49:59
[2026-01-10 14:28:53] [Epoch 317/350] train_loss=0.1053 | val_top1=79.36 val_nll=1.1271 val_ece=14.43 | epoch_time=0:05:00 eta_total=2:45:01
[2026-01-10 14:33:59] [Epoch 318/350] train_loss=0.1068 | val_top1=80.64 val_nll=1.1206 val_ece=13.55 | epoch_time=0:04:59 eta_total=2:40:00
[2026-01-10 14:39:05] [Epoch 319/350] train_loss=0.1066 | val_top1=80.88 val_nll=1.1031 val_ece=13.09 | epoch_time=0:05:00 eta_total=2:35:01
[2026-01-10 14:44:11] [Epoch 320/350] train_loss=0.1079 | val_top1=80.16 val_nll=1.1784 val_ece=13.45 | epoch_time=0:04:59 eta_total=2:29:58
[2026-01-10 14:49:18] [Epoch 321/350] train_loss=0.1046 | val_top1=78.68 val_nll=1.1693 val_ece=15.15 | epoch_time=0:05:00 eta_total=2:25:01
[2026-01-10 14:54:24] [Epoch 322/350] train_loss=0.1054 | val_top1=80.12 val_nll=1.1881 val_ece=14.02 | epoch_time=0:05:00 eta_total=2:20:05
[2026-01-10 14:59:31] [Epoch 323/350] train_loss=0.1016 | val_top1=79.32 val_nll=1.2319 val_ece=14.90 | epoch_time=0:05:00 eta_total=2:15:05
[2026-01-10 15:04:37] [Epoch 324/350] train_loss=0.1051 | val_top1=80.28 val_nll=1.1090 val_ece=13.64 | epoch_time=0:05:00 eta_total=2:10:05
[2026-01-10 15:09:43] [Epoch 325/350] train_loss=0.1032 | val_top1=80.04 val_nll=1.1185 val_ece=13.82 | epoch_time=0:04:59 eta_total=2:05:03
[2026-01-10 15:14:49] [Epoch 326/350] train_loss=0.1008 | val_top1=79.16 val_nll=1.2388 val_ece=14.87 | epoch_time=0:05:00 eta_total=2:00:02
[2026-01-10 15:19:55] [Epoch 327/350] train_loss=0.1055 | val_top1=79.84 val_nll=1.0998 val_ece=14.08 | epoch_time=0:05:00 eta_total=1:55:03
[2026-01-10 15:25:02] [Epoch 328/350] train_loss=0.1029 | val_top1=79.88 val_nll=1.1022 val_ece=13.65 | epoch_time=0:05:00 eta_total=1:50:05
[2026-01-10 15:30:08] [Epoch 329/350] train_loss=0.1017 | val_top1=79.04 val_nll=1.0950 val_ece=14.89 | epoch_time=0:05:00 eta_total=1:45:03
[2026-01-10 15:35:15] [Epoch 330/350] train_loss=0.1022 | val_top1=79.72 val_nll=1.1768 val_ece=14.59 | epoch_time=0:05:00 eta_total=1:40:05
[2026-01-10 15:40:21] [Epoch 331/350] train_loss=0.1011 | val_top1=79.44 val_nll=1.2100 val_ece=14.96 | epoch_time=0:05:00 eta_total=1:35:05
[2026-01-10 15:45:27] [Epoch 332/350] train_loss=0.1012 | val_top1=79.40 val_nll=1.1540 val_ece=14.80 | epoch_time=0:05:00 eta_total=1:30:05
[2026-01-10 15:50:34] [Epoch 333/350] train_loss=0.1018 | val_top1=79.96 val_nll=1.1579 val_ece=13.69 | epoch_time=0:05:00 eta_total=1:25:05
[2026-01-10 15:55:40] [Epoch 334/350] train_loss=0.1001 | val_top1=80.32 val_nll=1.1994 val_ece=13.74 | epoch_time=0:05:00 eta_total=1:20:04
[2026-01-10 16:00:47] [Epoch 335/350] train_loss=0.0981 | val_top1=80.28 val_nll=1.1533 val_ece=13.67 | epoch_time=0:05:00 eta_total=1:15:04
[2026-01-10 16:05:53] [Epoch 336/350] train_loss=0.1006 | val_top1=80.08 val_nll=1.1186 val_ece=13.88 | epoch_time=0:05:00 eta_total=1:10:03
[2026-01-10 16:10:59] [Epoch 337/350] train_loss=0.0983 | val_top1=79.80 val_nll=1.1213 val_ece=14.04 | epoch_time=0:05:00 eta_total=1:05:02
[2026-01-10 16:16:06] [Epoch 338/350] train_loss=0.0990 | val_top1=79.20 val_nll=1.1789 val_ece=14.86 | epoch_time=0:05:00 eta_total=1:00:02
[2026-01-10 16:21:11] [Epoch 339/350] train_loss=0.1008 | val_top1=79.12 val_nll=1.2072 val_ece=15.02 | epoch_time=0:04:59 eta_total=0:55:00
[2026-01-10 16:26:17] [Epoch 340/350] train_loss=0.0988 | val_top1=80.04 val_nll=1.1697 val_ece=13.90 | epoch_time=0:05:00 eta_total=0:50:00
[2026-01-10 16:31:23] [Epoch 341/350] train_loss=0.0970 | val_top1=80.08 val_nll=1.1318 val_ece=13.49 | epoch_time=0:04:59 eta_total=0:44:59
[2026-01-10 16:36:29] [Epoch 342/350] train_loss=0.0979 | val_top1=79.52 val_nll=1.2027 val_ece=14.54 | epoch_time=0:05:00 eta_total=0:39:59
[2026-01-10 16:41:35] [Epoch 343/350] train_loss=0.0977 | val_top1=79.12 val_nll=1.2812 val_ece=15.01 | epoch_time=0:04:59 eta_total=0:34:59
[2026-01-10 16:46:40] [Epoch 344/350] train_loss=0.1015 | val_top1=79.84 val_nll=1.1478 val_ece=14.13 | epoch_time=0:04:59 eta_total=0:29:59
[2026-01-10 16:51:46] [Epoch 345/350] train_loss=0.0951 | val_top1=79.56 val_nll=1.2522 val_ece=14.69 | epoch_time=0:05:00 eta_total=0:24:59
[2026-01-10 16:56:52] [Epoch 346/350] train_loss=0.0971 | val_top1=79.48 val_nll=1.2461 val_ece=14.99 | epoch_time=0:04:59 eta_total=0:19:59
[2026-01-10 17:01:59] [Epoch 347/350] train_loss=0.0995 | val_top1=79.60 val_nll=1.1079 val_ece=14.02 | epoch_time=0:05:00 eta_total=0:15:00
[2026-01-10 17:07:05] [Epoch 348/350] train_loss=0.0955 | val_top1=79.52 val_nll=1.2046 val_ece=14.80 | epoch_time=0:04:59 eta_total=0:10:00
[2026-01-10 17:12:11] [Epoch 349/350] train_loss=0.0956 | val_top1=80.24 val_nll=1.2085 val_ece=14.20 | epoch_time=0:05:00 eta_total=0:05:00
[2026-01-10 17:17:17] [Epoch 350/350] train_loss=0.0988 | val_top1=80.36 val_nll=1.1602 val_ece=13.97 | epoch_time=0:04:59 eta_total=0:00:00
[2026-01-10 17:17:40] [Best] Test: top1=76.07  nll=0.6809  ece=1.37
[2026-01-10 17:17:40] Total time: 1 day, 6:01:27
[2026-01-10 17:17:40] Done.
